<?xml version="1.0" encoding="UTF-8"?>
<testsuite xmlns:xsi="http://www.w3.org/2001/XMLSchema-instance" xsi:noNamespaceSchemaLocation="https://maven.apache.org/surefire/maven-surefire-plugin/xsd/surefire-test-report-3.0.xsd" version="3.0" name="TestSuite" time="18.179" tests="11" errors="0" skipped="9" failures="2">
  <properties>
    <property name="java.specification.version" value="21"/>
    <property name="webdriver.chrome.driver" value="src/test/resources/drivers/chromedriver"/>
    <property name="sun.jnu.encoding" value="UTF-8"/>
    <property name="java.class.path" value="/Users/harpalsingh/Downloads/SeleniumCucumberBDD-master/UpgradeTestNG/target/test-classes:/Users/harpalsingh/Downloads/SeleniumCucumberBDD-master/UpgradeTestNG/target/classes:/Users/harpalsingh/.m2/repository/org/seleniumhq/selenium/selenium-java/4.21.0/selenium-java-4.21.0.jar:/Users/harpalsingh/.m2/repository/org/seleniumhq/selenium/selenium-api/4.21.0/selenium-api-4.21.0.jar:/Users/harpalsingh/.m2/repository/org/seleniumhq/selenium/selenium-devtools-v123/4.21.0/selenium-devtools-v123-4.21.0.jar:/Users/harpalsingh/.m2/repository/org/seleniumhq/selenium/selenium-devtools-v124/4.21.0/selenium-devtools-v124-4.21.0.jar:/Users/harpalsingh/.m2/repository/org/seleniumhq/selenium/selenium-devtools-v125/4.21.0/selenium-devtools-v125-4.21.0.jar:/Users/harpalsingh/.m2/repository/org/seleniumhq/selenium/selenium-devtools-v85/4.21.0/selenium-devtools-v85-4.21.0.jar:/Users/harpalsingh/.m2/repository/org/seleniumhq/selenium/selenium-edge-driver/4.21.0/selenium-edge-driver-4.21.0.jar:/Users/harpalsingh/.m2/repository/org/seleniumhq/selenium/selenium-firefox-driver/4.21.0/selenium-firefox-driver-4.21.0.jar:/Users/harpalsingh/.m2/repository/org/seleniumhq/selenium/selenium-http/4.21.0/selenium-http-4.21.0.jar:/Users/harpalsingh/.m2/repository/dev/failsafe/failsafe/3.3.2/failsafe-3.3.2.jar:/Users/harpalsingh/.m2/repository/org/seleniumhq/selenium/selenium-ie-driver/4.21.0/selenium-ie-driver-4.21.0.jar:/Users/harpalsingh/.m2/repository/org/seleniumhq/selenium/selenium-remote-driver/4.21.0/selenium-remote-driver-4.21.0.jar:/Users/harpalsingh/.m2/repository/io/opentelemetry/semconv/opentelemetry-semconv/1.25.0-alpha/opentelemetry-semconv-1.25.0-alpha.jar:/Users/harpalsingh/.m2/repository/io/opentelemetry/opentelemetry-api/1.38.0/opentelemetry-api-1.38.0.jar:/Users/harpalsingh/.m2/repository/io/opentelemetry/opentelemetry-context/1.38.0/opentelemetry-context-1.38.0.jar:/Users/harpalsingh/.m2/repository/io/opentelemetry/opentelemetry-exporter-logging/1.38.0/opentelemetry-exporter-logging-1.38.0.jar:/Users/harpalsingh/.m2/repository/io/opentelemetry/opentelemetry-sdk-common/1.38.0/opentelemetry-sdk-common-1.38.0.jar:/Users/harpalsingh/.m2/repository/io/opentelemetry/opentelemetry-sdk-extension-autoconfigure-spi/1.38.0/opentelemetry-sdk-extension-autoconfigure-spi-1.38.0.jar:/Users/harpalsingh/.m2/repository/io/opentelemetry/opentelemetry-sdk-extension-autoconfigure/1.38.0/opentelemetry-sdk-extension-autoconfigure-1.38.0.jar:/Users/harpalsingh/.m2/repository/io/opentelemetry/opentelemetry-api-incubator/1.38.0-alpha/opentelemetry-api-incubator-1.38.0-alpha.jar:/Users/harpalsingh/.m2/repository/io/opentelemetry/opentelemetry-sdk-trace/1.38.0/opentelemetry-sdk-trace-1.38.0.jar:/Users/harpalsingh/.m2/repository/io/opentelemetry/opentelemetry-sdk/1.38.0/opentelemetry-sdk-1.38.0.jar:/Users/harpalsingh/.m2/repository/io/opentelemetry/opentelemetry-sdk-metrics/1.38.0/opentelemetry-sdk-metrics-1.38.0.jar:/Users/harpalsingh/.m2/repository/io/opentelemetry/opentelemetry-sdk-logs/1.38.0/opentelemetry-sdk-logs-1.38.0.jar:/Users/harpalsingh/.m2/repository/net/bytebuddy/byte-buddy/1.14.15/byte-buddy-1.14.15.jar:/Users/harpalsingh/.m2/repository/org/seleniumhq/selenium/selenium-os/4.21.0/selenium-os-4.21.0.jar:/Users/harpalsingh/.m2/repository/org/apache/commons/commons-exec/1.4.0/commons-exec-1.4.0.jar:/Users/harpalsingh/.m2/repository/org/seleniumhq/selenium/selenium-support/4.21.0/selenium-support-4.21.0.jar:/Users/harpalsingh/.m2/repository/org/seleniumhq/selenium/selenium-chrome-driver/4.21.0/selenium-chrome-driver-4.21.0.jar:/Users/harpalsingh/.m2/repository/com/google/auto/service/auto-service-annotations/1.1.1/auto-service-annotations-1.1.1.jar:/Users/harpalsingh/.m2/repository/org/seleniumhq/selenium/selenium-chromium-driver/4.21.0/selenium-chromium-driver-4.21.0.jar:/Users/harpalsingh/.m2/repository/org/seleniumhq/selenium/selenium-json/4.21.0/selenium-json-4.21.0.jar:/Users/harpalsingh/.m2/repository/org/seleniumhq/selenium/selenium-manager/4.21.0/selenium-manager-4.21.0.jar:/Users/harpalsingh/.m2/repository/org/seleniumhq/selenium/selenium-safari-driver/4.21.0/selenium-safari-driver-4.21.0.jar:/Users/harpalsingh/.m2/repository/io/rest-assured/rest-assured/5.4.0/rest-assured-5.4.0.jar:/Users/harpalsingh/.m2/repository/org/apache/groovy/groovy/4.0.16/groovy-4.0.16.jar:/Users/harpalsingh/.m2/repository/org/apache/groovy/groovy-xml/4.0.16/groovy-xml-4.0.16.jar:/Users/harpalsingh/.m2/repository/org/apache/httpcomponents/httpclient/4.5.13/httpclient-4.5.13.jar:/Users/harpalsingh/.m2/repository/org/apache/httpcomponents/httpcore/4.4.13/httpcore-4.4.13.jar:/Users/harpalsingh/.m2/repository/commons-logging/commons-logging/1.2/commons-logging-1.2.jar:/Users/harpalsingh/.m2/repository/commons-codec/commons-codec/1.11/commons-codec-1.11.jar:/Users/harpalsingh/.m2/repository/org/apache/httpcomponents/httpmime/4.5.13/httpmime-4.5.13.jar:/Users/harpalsingh/.m2/repository/org/hamcrest/hamcrest/2.2/hamcrest-2.2.jar:/Users/harpalsingh/.m2/repository/org/ccil/cowan/tagsoup/tagsoup/1.2.1/tagsoup-1.2.1.jar:/Users/harpalsingh/.m2/repository/io/rest-assured/json-path/5.4.0/json-path-5.4.0.jar:/Users/harpalsingh/.m2/repository/org/apache/groovy/groovy-json/4.0.16/groovy-json-4.0.16.jar:/Users/harpalsingh/.m2/repository/io/rest-assured/rest-assured-common/5.4.0/rest-assured-common-5.4.0.jar:/Users/harpalsingh/.m2/repository/io/rest-assured/xml-path/5.4.0/xml-path-5.4.0.jar:/Users/harpalsingh/.m2/repository/org/apache/commons/commons-lang3/3.11/commons-lang3-3.11.jar:/Users/harpalsingh/.m2/repository/org/json/json/20240303/json-20240303.jar:/Users/harpalsingh/.m2/repository/org/testng/testng/7.10.2/testng-7.10.2.jar:/Users/harpalsingh/.m2/repository/org/slf4j/slf4j-api/1.7.36/slf4j-api-1.7.36.jar:/Users/harpalsingh/.m2/repository/com/beust/jcommander/1.82/jcommander-1.82.jar:/Users/harpalsingh/.m2/repository/org/webjars/jquery/3.7.1/jquery-3.7.1.jar:/Users/harpalsingh/.m2/repository/org/apache/poi/poi-ooxml/5.2.5/poi-ooxml-5.2.5.jar:/Users/harpalsingh/.m2/repository/org/apache/poi/poi/5.2.5/poi-5.2.5.jar:/Users/harpalsingh/.m2/repository/org/apache/commons/commons-math3/3.6.1/commons-math3-3.6.1.jar:/Users/harpalsingh/.m2/repository/com/zaxxer/SparseBitSet/1.3/SparseBitSet-1.3.jar:/Users/harpalsingh/.m2/repository/org/apache/poi/poi-ooxml-lite/5.2.5/poi-ooxml-lite-5.2.5.jar:/Users/harpalsingh/.m2/repository/org/apache/commons/commons-compress/1.25.0/commons-compress-1.25.0.jar:/Users/harpalsingh/.m2/repository/commons-io/commons-io/2.15.0/commons-io-2.15.0.jar:/Users/harpalsingh/.m2/repository/com/github/virtuald/curvesapi/1.08/curvesapi-1.08.jar:/Users/harpalsingh/.m2/repository/org/apache/poi/poi-ooxml-schemas/4.1.2/poi-ooxml-schemas-4.1.2.jar:/Users/harpalsingh/.m2/repository/org/apache/xmlbeans/xmlbeans/5.1.1/xmlbeans-5.1.1.jar:/Users/harpalsingh/.m2/repository/org/apache/commons/commons-collections4/4.4/commons-collections4-4.4.jar:/Users/harpalsingh/.m2/repository/org/apache/logging/log4j/log4j-api/2.23.1/log4j-api-2.23.1.jar:/Users/harpalsingh/.m2/repository/org/apache/logging/log4j/log4j-core/2.23.1/log4j-core-2.23.1.jar:/Users/harpalsingh/.m2/repository/ru/sbtqa/tag/pagefactory/page-factory-core/21.0.1/page-factory-core-21.0.1.jar:/Users/harpalsingh/.m2/repository/org/aspectj/aspectjrt/1.9.2/aspectjrt-1.9.2.jar:/Users/harpalsingh/.m2/repository/ru/sbtqa/tag/pagefactory/page-factory-api/21.0.1/page-factory-api-21.0.1.jar:/Users/harpalsingh/.m2/repository/io/qameta/allure/allure-cucumber4-jvm/2.13.0/allure-cucumber4-jvm-2.13.0.jar:/Users/harpalsingh/.m2/repository/io/qameta/allure/allure-java-commons/2.13.0/allure-java-commons-2.13.0.jar:/Users/harpalsingh/.m2/repository/io/qameta/allure/allure-model/2.13.0/allure-model-2.13.0.jar:/Users/harpalsingh/.m2/repository/com/fasterxml/jackson/core/jackson-databind/2.9.8/jackson-databind-2.9.8.jar:/Users/harpalsingh/.m2/repository/com/fasterxml/jackson/core/jackson-annotations/2.9.0/jackson-annotations-2.9.0.jar:/Users/harpalsingh/.m2/repository/com/fasterxml/jackson/core/jackson-core/2.9.8/jackson-core-2.9.8.jar:/Users/harpalsingh/.m2/repository/org/apache/tika/tika-core/1.20/tika-core-1.20.jar:/Users/harpalsingh/.m2/repository/org/jooq/joor-java-8/0.9.10/joor-java-8-0.9.10.jar:/Users/harpalsingh/.m2/repository/io/cucumber/cucumber-core/4.3.1/cucumber-core-4.3.1.jar:/Users/harpalsingh/.m2/repository/io/cucumber/cucumber-html/0.2.7/cucumber-html-0.2.7.jar:/Users/harpalsingh/.m2/repository/io/cucumber/gherkin/5.1.0/gherkin-5.1.0.jar:/Users/harpalsingh/.m2/repository/io/cucumber/tag-expressions/1.1.1/tag-expressions-1.1.1.jar:/Users/harpalsingh/.m2/repository/io/cucumber/cucumber-expressions/6.2.2/cucumber-expressions-6.2.2.jar:/Users/harpalsingh/.m2/repository/io/cucumber/datatable/1.1.12/datatable-1.1.12.jar:/Users/harpalsingh/.m2/repository/io/cucumber/datatable-dependencies/1.1.12/datatable-dependencies-1.1.12.jar:/Users/harpalsingh/.m2/repository/ru/sbtqa/tag/qa-utils/1.9.1/qa-utils-1.9.1.jar:/Users/harpalsingh/.m2/repository/org/slf4j/slf4j-reload4j/2.0.7/slf4j-reload4j-2.0.7.jar:/Users/harpalsingh/.m2/repository/ch/qos/reload4j/reload4j/1.2.22/reload4j-1.2.22.jar:/Users/harpalsingh/.m2/repository/ru/sbtqa/tag/video-recorder/1.1.2/video-recorder-1.1.2.jar:/Users/harpalsingh/.m2/repository/ru/sbtqa/monte-media/1.1.0-JAVA7/monte-media-1.1.0-JAVA7.jar:/Users/harpalsingh/.m2/repository/ru/sbtqa/tag/datajack/datajack-api/5.2.3/datajack-api-5.2.3.jar:/Users/harpalsingh/.m2/repository/org/mongodb/mongo-java-driver/3.2.2/mongo-java-driver-3.2.2.jar:/Users/harpalsingh/.m2/repository/org/reflections/reflections/0.9.10/reflections-0.9.10.jar:/Users/harpalsingh/.m2/repository/org/javassist/javassist/3.19.0-GA/javassist-3.19.0-GA.jar:/Users/harpalsingh/.m2/repository/com/google/code/findbugs/annotations/2.0.1/annotations-2.0.1.jar:/Users/harpalsingh/.m2/repository/com/google/guava/guava/32.0.0-jre/guava-32.0.0-jre.jar:/Users/harpalsingh/.m2/repository/com/google/guava/failureaccess/1.0.1/failureaccess-1.0.1.jar:/Users/harpalsingh/.m2/repository/com/google/guava/listenablefuture/9999.0-empty-to-avoid-conflict-with-guava/listenablefuture-9999.0-empty-to-avoid-conflict-with-guava.jar:/Users/harpalsingh/.m2/repository/com/google/code/findbugs/jsr305/3.0.2/jsr305-3.0.2.jar:/Users/harpalsingh/.m2/repository/org/checkerframework/checker-qual/3.33.0/checker-qual-3.33.0.jar:/Users/harpalsingh/.m2/repository/com/google/errorprone/error_prone_annotations/2.18.0/error_prone_annotations-2.18.0.jar:/Users/harpalsingh/.m2/repository/com/google/j2objc/j2objc-annotations/2.8/j2objc-annotations-2.8.jar:/Users/harpalsingh/.m2/repository/org/aeonbits/owner/owner/1.0.10/owner-1.0.10.jar:/Users/harpalsingh/.m2/repository/io/cucumber/cucumber-junit/4.3.1/cucumber-junit-4.3.1.jar:/Users/harpalsingh/.m2/repository/io/cucumber/cucumber-java/4.3.1/cucumber-java-4.3.1.jar:/Users/harpalsingh/.m2/repository/io/github/java-diff-utils/java-diff-utils/4.0/java-diff-utils-4.0.jar:/Users/harpalsingh/.m2/repository/org/eclipse/jgit/org.eclipse.jgit/4.4.1.201607150455-r/org.eclipse.jgit-4.4.1.201607150455-r.jar:/Users/harpalsingh/.m2/repository/io/netty/netty-all/4.1.87.Final/netty-all-4.1.87.Final.jar:/Users/harpalsingh/.m2/repository/io/netty/netty-buffer/4.1.87.Final/netty-buffer-4.1.87.Final.jar:/Users/harpalsingh/.m2/repository/io/netty/netty-codec/4.1.87.Final/netty-codec-4.1.87.Final.jar:/Users/harpalsingh/.m2/repository/io/netty/netty-codec-dns/4.1.87.Final/netty-codec-dns-4.1.87.Final.jar:/Users/harpalsingh/.m2/repository/io/netty/netty-codec-haproxy/4.1.87.Final/netty-codec-haproxy-4.1.87.Final.jar:/Users/harpalsingh/.m2/repository/io/netty/netty-codec-http/4.1.87.Final/netty-codec-http-4.1.87.Final.jar:/Users/harpalsingh/.m2/repository/io/netty/netty-codec-http2/4.1.87.Final/netty-codec-http2-4.1.87.Final.jar:/Users/harpalsingh/.m2/repository/io/netty/netty-codec-memcache/4.1.87.Final/netty-codec-memcache-4.1.87.Final.jar:/Users/harpalsingh/.m2/repository/io/netty/netty-codec-mqtt/4.1.87.Final/netty-codec-mqtt-4.1.87.Final.jar:/Users/harpalsingh/.m2/repository/io/netty/netty-codec-redis/4.1.87.Final/netty-codec-redis-4.1.87.Final.jar:/Users/harpalsingh/.m2/repository/io/netty/netty-codec-smtp/4.1.87.Final/netty-codec-smtp-4.1.87.Final.jar:/Users/harpalsingh/.m2/repository/io/netty/netty-codec-socks/4.1.87.Final/netty-codec-socks-4.1.87.Final.jar:/Users/harpalsingh/.m2/repository/io/netty/netty-codec-stomp/4.1.87.Final/netty-codec-stomp-4.1.87.Final.jar:/Users/harpalsingh/.m2/repository/io/netty/netty-codec-xml/4.1.87.Final/netty-codec-xml-4.1.87.Final.jar:/Users/harpalsingh/.m2/repository/io/netty/netty-common/4.1.87.Final/netty-common-4.1.87.Final.jar:/Users/harpalsingh/.m2/repository/io/netty/netty-handler/4.1.87.Final/netty-handler-4.1.87.Final.jar:/Users/harpalsingh/.m2/repository/io/netty/netty-transport-native-unix-common/4.1.87.Final/netty-transport-native-unix-common-4.1.87.Final.jar:/Users/harpalsingh/.m2/repository/io/netty/netty-handler-proxy/4.1.87.Final/netty-handler-proxy-4.1.87.Final.jar:/Users/harpalsingh/.m2/repository/io/netty/netty-handler-ssl-ocsp/4.1.87.Final/netty-handler-ssl-ocsp-4.1.87.Final.jar:/Users/harpalsingh/.m2/repository/io/netty/netty-resolver/4.1.87.Final/netty-resolver-4.1.87.Final.jar:/Users/harpalsingh/.m2/repository/io/netty/netty-resolver-dns/4.1.87.Final/netty-resolver-dns-4.1.87.Final.jar:/Users/harpalsingh/.m2/repository/io/netty/netty-transport/4.1.87.Final/netty-transport-4.1.87.Final.jar:/Users/harpalsingh/.m2/repository/io/netty/netty-transport-rxtx/4.1.87.Final/netty-transport-rxtx-4.1.87.Final.jar:/Users/harpalsingh/.m2/repository/io/netty/netty-transport-sctp/4.1.87.Final/netty-transport-sctp-4.1.87.Final.jar:/Users/harpalsingh/.m2/repository/io/netty/netty-transport-udt/4.1.87.Final/netty-transport-udt-4.1.87.Final.jar:/Users/harpalsingh/.m2/repository/io/netty/netty-transport-classes-epoll/4.1.87.Final/netty-transport-classes-epoll-4.1.87.Final.jar:/Users/harpalsingh/.m2/repository/io/netty/netty-transport-classes-kqueue/4.1.87.Final/netty-transport-classes-kqueue-4.1.87.Final.jar:/Users/harpalsingh/.m2/repository/io/netty/netty-resolver-dns-classes-macos/4.1.87.Final/netty-resolver-dns-classes-macos-4.1.87.Final.jar:/Users/harpalsingh/.m2/repository/io/netty/netty-transport-native-epoll/4.1.87.Final/netty-transport-native-epoll-4.1.87.Final-linux-x86_64.jar:/Users/harpalsingh/.m2/repository/io/netty/netty-transport-native-epoll/4.1.87.Final/netty-transport-native-epoll-4.1.87.Final-linux-aarch_64.jar:/Users/harpalsingh/.m2/repository/io/netty/netty-transport-native-kqueue/4.1.87.Final/netty-transport-native-kqueue-4.1.87.Final-osx-x86_64.jar:/Users/harpalsingh/.m2/repository/io/netty/netty-transport-native-kqueue/4.1.87.Final/netty-transport-native-kqueue-4.1.87.Final-osx-aarch_64.jar:/Users/harpalsingh/.m2/repository/io/netty/netty-resolver-dns-native-macos/4.1.87.Final/netty-resolver-dns-native-macos-4.1.87.Final-osx-x86_64.jar:/Users/harpalsingh/.m2/repository/io/netty/netty-resolver-dns-native-macos/4.1.87.Final/netty-resolver-dns-native-macos-4.1.87.Final-osx-aarch_64.jar:/Users/harpalsingh/.m2/repository/junit/junit/4.13.1/junit-4.13.1.jar:/Users/harpalsingh/.m2/repository/org/hamcrest/hamcrest-core/1.3/hamcrest-core-1.3.jar:"/>
    <property name="java.vm.vendor" value="Oracle Corporation"/>
    <property name="sun.arch.data.model" value="64"/>
    <property name="java.vendor.url" value="https://java.oracle.com/"/>
    <property name="user.timezone" value="America/Toronto"/>
    <property name="os.name" value="Mac OS X"/>
    <property name="java.vm.specification.version" value="21"/>
    <property name="sun.java.launcher" value="SUN_STANDARD"/>
    <property name="user.country" value="CA"/>
    <property name="sun.boot.library.path" value="/Users/harpalsingh/Library/Java/JavaVirtualMachines/openjdk-21.0.2/Contents/Home/lib"/>
    <property name="sun.java.command" value="/Users/harpalsingh/Downloads/SeleniumCucumberBDD-master/UpgradeTestNG/target/surefire/surefirebooter14885110769928908945.jar /Users/harpalsingh/Downloads/SeleniumCucumberBDD-master/UpgradeTestNG/target/surefire 2024-07-02T14-21-00_334-jvmRun1 surefire1904577658810078409tmp surefire_04040555906546908108tmp"/>
    <property name="http.nonProxyHosts" value="local|*.local|169.254/16|*.169.254/16"/>
    <property name="jdk.debug" value="release"/>
    <property name="surefire.test.class.path" value="/Users/harpalsingh/Downloads/SeleniumCucumberBDD-master/UpgradeTestNG/target/test-classes:/Users/harpalsingh/Downloads/SeleniumCucumberBDD-master/UpgradeTestNG/target/classes:/Users/harpalsingh/.m2/repository/org/seleniumhq/selenium/selenium-java/4.21.0/selenium-java-4.21.0.jar:/Users/harpalsingh/.m2/repository/org/seleniumhq/selenium/selenium-api/4.21.0/selenium-api-4.21.0.jar:/Users/harpalsingh/.m2/repository/org/seleniumhq/selenium/selenium-devtools-v123/4.21.0/selenium-devtools-v123-4.21.0.jar:/Users/harpalsingh/.m2/repository/org/seleniumhq/selenium/selenium-devtools-v124/4.21.0/selenium-devtools-v124-4.21.0.jar:/Users/harpalsingh/.m2/repository/org/seleniumhq/selenium/selenium-devtools-v125/4.21.0/selenium-devtools-v125-4.21.0.jar:/Users/harpalsingh/.m2/repository/org/seleniumhq/selenium/selenium-devtools-v85/4.21.0/selenium-devtools-v85-4.21.0.jar:/Users/harpalsingh/.m2/repository/org/seleniumhq/selenium/selenium-edge-driver/4.21.0/selenium-edge-driver-4.21.0.jar:/Users/harpalsingh/.m2/repository/org/seleniumhq/selenium/selenium-firefox-driver/4.21.0/selenium-firefox-driver-4.21.0.jar:/Users/harpalsingh/.m2/repository/org/seleniumhq/selenium/selenium-http/4.21.0/selenium-http-4.21.0.jar:/Users/harpalsingh/.m2/repository/dev/failsafe/failsafe/3.3.2/failsafe-3.3.2.jar:/Users/harpalsingh/.m2/repository/org/seleniumhq/selenium/selenium-ie-driver/4.21.0/selenium-ie-driver-4.21.0.jar:/Users/harpalsingh/.m2/repository/org/seleniumhq/selenium/selenium-remote-driver/4.21.0/selenium-remote-driver-4.21.0.jar:/Users/harpalsingh/.m2/repository/io/opentelemetry/semconv/opentelemetry-semconv/1.25.0-alpha/opentelemetry-semconv-1.25.0-alpha.jar:/Users/harpalsingh/.m2/repository/io/opentelemetry/opentelemetry-api/1.38.0/opentelemetry-api-1.38.0.jar:/Users/harpalsingh/.m2/repository/io/opentelemetry/opentelemetry-context/1.38.0/opentelemetry-context-1.38.0.jar:/Users/harpalsingh/.m2/repository/io/opentelemetry/opentelemetry-exporter-logging/1.38.0/opentelemetry-exporter-logging-1.38.0.jar:/Users/harpalsingh/.m2/repository/io/opentelemetry/opentelemetry-sdk-common/1.38.0/opentelemetry-sdk-common-1.38.0.jar:/Users/harpalsingh/.m2/repository/io/opentelemetry/opentelemetry-sdk-extension-autoconfigure-spi/1.38.0/opentelemetry-sdk-extension-autoconfigure-spi-1.38.0.jar:/Users/harpalsingh/.m2/repository/io/opentelemetry/opentelemetry-sdk-extension-autoconfigure/1.38.0/opentelemetry-sdk-extension-autoconfigure-1.38.0.jar:/Users/harpalsingh/.m2/repository/io/opentelemetry/opentelemetry-api-incubator/1.38.0-alpha/opentelemetry-api-incubator-1.38.0-alpha.jar:/Users/harpalsingh/.m2/repository/io/opentelemetry/opentelemetry-sdk-trace/1.38.0/opentelemetry-sdk-trace-1.38.0.jar:/Users/harpalsingh/.m2/repository/io/opentelemetry/opentelemetry-sdk/1.38.0/opentelemetry-sdk-1.38.0.jar:/Users/harpalsingh/.m2/repository/io/opentelemetry/opentelemetry-sdk-metrics/1.38.0/opentelemetry-sdk-metrics-1.38.0.jar:/Users/harpalsingh/.m2/repository/io/opentelemetry/opentelemetry-sdk-logs/1.38.0/opentelemetry-sdk-logs-1.38.0.jar:/Users/harpalsingh/.m2/repository/net/bytebuddy/byte-buddy/1.14.15/byte-buddy-1.14.15.jar:/Users/harpalsingh/.m2/repository/org/seleniumhq/selenium/selenium-os/4.21.0/selenium-os-4.21.0.jar:/Users/harpalsingh/.m2/repository/org/apache/commons/commons-exec/1.4.0/commons-exec-1.4.0.jar:/Users/harpalsingh/.m2/repository/org/seleniumhq/selenium/selenium-support/4.21.0/selenium-support-4.21.0.jar:/Users/harpalsingh/.m2/repository/org/seleniumhq/selenium/selenium-chrome-driver/4.21.0/selenium-chrome-driver-4.21.0.jar:/Users/harpalsingh/.m2/repository/com/google/auto/service/auto-service-annotations/1.1.1/auto-service-annotations-1.1.1.jar:/Users/harpalsingh/.m2/repository/org/seleniumhq/selenium/selenium-chromium-driver/4.21.0/selenium-chromium-driver-4.21.0.jar:/Users/harpalsingh/.m2/repository/org/seleniumhq/selenium/selenium-json/4.21.0/selenium-json-4.21.0.jar:/Users/harpalsingh/.m2/repository/org/seleniumhq/selenium/selenium-manager/4.21.0/selenium-manager-4.21.0.jar:/Users/harpalsingh/.m2/repository/org/seleniumhq/selenium/selenium-safari-driver/4.21.0/selenium-safari-driver-4.21.0.jar:/Users/harpalsingh/.m2/repository/io/rest-assured/rest-assured/5.4.0/rest-assured-5.4.0.jar:/Users/harpalsingh/.m2/repository/org/apache/groovy/groovy/4.0.16/groovy-4.0.16.jar:/Users/harpalsingh/.m2/repository/org/apache/groovy/groovy-xml/4.0.16/groovy-xml-4.0.16.jar:/Users/harpalsingh/.m2/repository/org/apache/httpcomponents/httpclient/4.5.13/httpclient-4.5.13.jar:/Users/harpalsingh/.m2/repository/org/apache/httpcomponents/httpcore/4.4.13/httpcore-4.4.13.jar:/Users/harpalsingh/.m2/repository/commons-logging/commons-logging/1.2/commons-logging-1.2.jar:/Users/harpalsingh/.m2/repository/commons-codec/commons-codec/1.11/commons-codec-1.11.jar:/Users/harpalsingh/.m2/repository/org/apache/httpcomponents/httpmime/4.5.13/httpmime-4.5.13.jar:/Users/harpalsingh/.m2/repository/org/hamcrest/hamcrest/2.2/hamcrest-2.2.jar:/Users/harpalsingh/.m2/repository/org/ccil/cowan/tagsoup/tagsoup/1.2.1/tagsoup-1.2.1.jar:/Users/harpalsingh/.m2/repository/io/rest-assured/json-path/5.4.0/json-path-5.4.0.jar:/Users/harpalsingh/.m2/repository/org/apache/groovy/groovy-json/4.0.16/groovy-json-4.0.16.jar:/Users/harpalsingh/.m2/repository/io/rest-assured/rest-assured-common/5.4.0/rest-assured-common-5.4.0.jar:/Users/harpalsingh/.m2/repository/io/rest-assured/xml-path/5.4.0/xml-path-5.4.0.jar:/Users/harpalsingh/.m2/repository/org/apache/commons/commons-lang3/3.11/commons-lang3-3.11.jar:/Users/harpalsingh/.m2/repository/org/json/json/20240303/json-20240303.jar:/Users/harpalsingh/.m2/repository/org/testng/testng/7.10.2/testng-7.10.2.jar:/Users/harpalsingh/.m2/repository/org/slf4j/slf4j-api/1.7.36/slf4j-api-1.7.36.jar:/Users/harpalsingh/.m2/repository/com/beust/jcommander/1.82/jcommander-1.82.jar:/Users/harpalsingh/.m2/repository/org/webjars/jquery/3.7.1/jquery-3.7.1.jar:/Users/harpalsingh/.m2/repository/org/apache/poi/poi-ooxml/5.2.5/poi-ooxml-5.2.5.jar:/Users/harpalsingh/.m2/repository/org/apache/poi/poi/5.2.5/poi-5.2.5.jar:/Users/harpalsingh/.m2/repository/org/apache/commons/commons-math3/3.6.1/commons-math3-3.6.1.jar:/Users/harpalsingh/.m2/repository/com/zaxxer/SparseBitSet/1.3/SparseBitSet-1.3.jar:/Users/harpalsingh/.m2/repository/org/apache/poi/poi-ooxml-lite/5.2.5/poi-ooxml-lite-5.2.5.jar:/Users/harpalsingh/.m2/repository/org/apache/commons/commons-compress/1.25.0/commons-compress-1.25.0.jar:/Users/harpalsingh/.m2/repository/commons-io/commons-io/2.15.0/commons-io-2.15.0.jar:/Users/harpalsingh/.m2/repository/com/github/virtuald/curvesapi/1.08/curvesapi-1.08.jar:/Users/harpalsingh/.m2/repository/org/apache/poi/poi-ooxml-schemas/4.1.2/poi-ooxml-schemas-4.1.2.jar:/Users/harpalsingh/.m2/repository/org/apache/xmlbeans/xmlbeans/5.1.1/xmlbeans-5.1.1.jar:/Users/harpalsingh/.m2/repository/org/apache/commons/commons-collections4/4.4/commons-collections4-4.4.jar:/Users/harpalsingh/.m2/repository/org/apache/logging/log4j/log4j-api/2.23.1/log4j-api-2.23.1.jar:/Users/harpalsingh/.m2/repository/org/apache/logging/log4j/log4j-core/2.23.1/log4j-core-2.23.1.jar:/Users/harpalsingh/.m2/repository/ru/sbtqa/tag/pagefactory/page-factory-core/21.0.1/page-factory-core-21.0.1.jar:/Users/harpalsingh/.m2/repository/org/aspectj/aspectjrt/1.9.2/aspectjrt-1.9.2.jar:/Users/harpalsingh/.m2/repository/ru/sbtqa/tag/pagefactory/page-factory-api/21.0.1/page-factory-api-21.0.1.jar:/Users/harpalsingh/.m2/repository/io/qameta/allure/allure-cucumber4-jvm/2.13.0/allure-cucumber4-jvm-2.13.0.jar:/Users/harpalsingh/.m2/repository/io/qameta/allure/allure-java-commons/2.13.0/allure-java-commons-2.13.0.jar:/Users/harpalsingh/.m2/repository/io/qameta/allure/allure-model/2.13.0/allure-model-2.13.0.jar:/Users/harpalsingh/.m2/repository/com/fasterxml/jackson/core/jackson-databind/2.9.8/jackson-databind-2.9.8.jar:/Users/harpalsingh/.m2/repository/com/fasterxml/jackson/core/jackson-annotations/2.9.0/jackson-annotations-2.9.0.jar:/Users/harpalsingh/.m2/repository/com/fasterxml/jackson/core/jackson-core/2.9.8/jackson-core-2.9.8.jar:/Users/harpalsingh/.m2/repository/org/apache/tika/tika-core/1.20/tika-core-1.20.jar:/Users/harpalsingh/.m2/repository/org/jooq/joor-java-8/0.9.10/joor-java-8-0.9.10.jar:/Users/harpalsingh/.m2/repository/io/cucumber/cucumber-core/4.3.1/cucumber-core-4.3.1.jar:/Users/harpalsingh/.m2/repository/io/cucumber/cucumber-html/0.2.7/cucumber-html-0.2.7.jar:/Users/harpalsingh/.m2/repository/io/cucumber/gherkin/5.1.0/gherkin-5.1.0.jar:/Users/harpalsingh/.m2/repository/io/cucumber/tag-expressions/1.1.1/tag-expressions-1.1.1.jar:/Users/harpalsingh/.m2/repository/io/cucumber/cucumber-expressions/6.2.2/cucumber-expressions-6.2.2.jar:/Users/harpalsingh/.m2/repository/io/cucumber/datatable/1.1.12/datatable-1.1.12.jar:/Users/harpalsingh/.m2/repository/io/cucumber/datatable-dependencies/1.1.12/datatable-dependencies-1.1.12.jar:/Users/harpalsingh/.m2/repository/ru/sbtqa/tag/qa-utils/1.9.1/qa-utils-1.9.1.jar:/Users/harpalsingh/.m2/repository/org/slf4j/slf4j-reload4j/2.0.7/slf4j-reload4j-2.0.7.jar:/Users/harpalsingh/.m2/repository/ch/qos/reload4j/reload4j/1.2.22/reload4j-1.2.22.jar:/Users/harpalsingh/.m2/repository/ru/sbtqa/tag/video-recorder/1.1.2/video-recorder-1.1.2.jar:/Users/harpalsingh/.m2/repository/ru/sbtqa/monte-media/1.1.0-JAVA7/monte-media-1.1.0-JAVA7.jar:/Users/harpalsingh/.m2/repository/ru/sbtqa/tag/datajack/datajack-api/5.2.3/datajack-api-5.2.3.jar:/Users/harpalsingh/.m2/repository/org/mongodb/mongo-java-driver/3.2.2/mongo-java-driver-3.2.2.jar:/Users/harpalsingh/.m2/repository/org/reflections/reflections/0.9.10/reflections-0.9.10.jar:/Users/harpalsingh/.m2/repository/org/javassist/javassist/3.19.0-GA/javassist-3.19.0-GA.jar:/Users/harpalsingh/.m2/repository/com/google/code/findbugs/annotations/2.0.1/annotations-2.0.1.jar:/Users/harpalsingh/.m2/repository/com/google/guava/guava/32.0.0-jre/guava-32.0.0-jre.jar:/Users/harpalsingh/.m2/repository/com/google/guava/failureaccess/1.0.1/failureaccess-1.0.1.jar:/Users/harpalsingh/.m2/repository/com/google/guava/listenablefuture/9999.0-empty-to-avoid-conflict-with-guava/listenablefuture-9999.0-empty-to-avoid-conflict-with-guava.jar:/Users/harpalsingh/.m2/repository/com/google/code/findbugs/jsr305/3.0.2/jsr305-3.0.2.jar:/Users/harpalsingh/.m2/repository/org/checkerframework/checker-qual/3.33.0/checker-qual-3.33.0.jar:/Users/harpalsingh/.m2/repository/com/google/errorprone/error_prone_annotations/2.18.0/error_prone_annotations-2.18.0.jar:/Users/harpalsingh/.m2/repository/com/google/j2objc/j2objc-annotations/2.8/j2objc-annotations-2.8.jar:/Users/harpalsingh/.m2/repository/org/aeonbits/owner/owner/1.0.10/owner-1.0.10.jar:/Users/harpalsingh/.m2/repository/io/cucumber/cucumber-junit/4.3.1/cucumber-junit-4.3.1.jar:/Users/harpalsingh/.m2/repository/io/cucumber/cucumber-java/4.3.1/cucumber-java-4.3.1.jar:/Users/harpalsingh/.m2/repository/io/github/java-diff-utils/java-diff-utils/4.0/java-diff-utils-4.0.jar:/Users/harpalsingh/.m2/repository/org/eclipse/jgit/org.eclipse.jgit/4.4.1.201607150455-r/org.eclipse.jgit-4.4.1.201607150455-r.jar:/Users/harpalsingh/.m2/repository/io/netty/netty-all/4.1.87.Final/netty-all-4.1.87.Final.jar:/Users/harpalsingh/.m2/repository/io/netty/netty-buffer/4.1.87.Final/netty-buffer-4.1.87.Final.jar:/Users/harpalsingh/.m2/repository/io/netty/netty-codec/4.1.87.Final/netty-codec-4.1.87.Final.jar:/Users/harpalsingh/.m2/repository/io/netty/netty-codec-dns/4.1.87.Final/netty-codec-dns-4.1.87.Final.jar:/Users/harpalsingh/.m2/repository/io/netty/netty-codec-haproxy/4.1.87.Final/netty-codec-haproxy-4.1.87.Final.jar:/Users/harpalsingh/.m2/repository/io/netty/netty-codec-http/4.1.87.Final/netty-codec-http-4.1.87.Final.jar:/Users/harpalsingh/.m2/repository/io/netty/netty-codec-http2/4.1.87.Final/netty-codec-http2-4.1.87.Final.jar:/Users/harpalsingh/.m2/repository/io/netty/netty-codec-memcache/4.1.87.Final/netty-codec-memcache-4.1.87.Final.jar:/Users/harpalsingh/.m2/repository/io/netty/netty-codec-mqtt/4.1.87.Final/netty-codec-mqtt-4.1.87.Final.jar:/Users/harpalsingh/.m2/repository/io/netty/netty-codec-redis/4.1.87.Final/netty-codec-redis-4.1.87.Final.jar:/Users/harpalsingh/.m2/repository/io/netty/netty-codec-smtp/4.1.87.Final/netty-codec-smtp-4.1.87.Final.jar:/Users/harpalsingh/.m2/repository/io/netty/netty-codec-socks/4.1.87.Final/netty-codec-socks-4.1.87.Final.jar:/Users/harpalsingh/.m2/repository/io/netty/netty-codec-stomp/4.1.87.Final/netty-codec-stomp-4.1.87.Final.jar:/Users/harpalsingh/.m2/repository/io/netty/netty-codec-xml/4.1.87.Final/netty-codec-xml-4.1.87.Final.jar:/Users/harpalsingh/.m2/repository/io/netty/netty-common/4.1.87.Final/netty-common-4.1.87.Final.jar:/Users/harpalsingh/.m2/repository/io/netty/netty-handler/4.1.87.Final/netty-handler-4.1.87.Final.jar:/Users/harpalsingh/.m2/repository/io/netty/netty-transport-native-unix-common/4.1.87.Final/netty-transport-native-unix-common-4.1.87.Final.jar:/Users/harpalsingh/.m2/repository/io/netty/netty-handler-proxy/4.1.87.Final/netty-handler-proxy-4.1.87.Final.jar:/Users/harpalsingh/.m2/repository/io/netty/netty-handler-ssl-ocsp/4.1.87.Final/netty-handler-ssl-ocsp-4.1.87.Final.jar:/Users/harpalsingh/.m2/repository/io/netty/netty-resolver/4.1.87.Final/netty-resolver-4.1.87.Final.jar:/Users/harpalsingh/.m2/repository/io/netty/netty-resolver-dns/4.1.87.Final/netty-resolver-dns-4.1.87.Final.jar:/Users/harpalsingh/.m2/repository/io/netty/netty-transport/4.1.87.Final/netty-transport-4.1.87.Final.jar:/Users/harpalsingh/.m2/repository/io/netty/netty-transport-rxtx/4.1.87.Final/netty-transport-rxtx-4.1.87.Final.jar:/Users/harpalsingh/.m2/repository/io/netty/netty-transport-sctp/4.1.87.Final/netty-transport-sctp-4.1.87.Final.jar:/Users/harpalsingh/.m2/repository/io/netty/netty-transport-udt/4.1.87.Final/netty-transport-udt-4.1.87.Final.jar:/Users/harpalsingh/.m2/repository/io/netty/netty-transport-classes-epoll/4.1.87.Final/netty-transport-classes-epoll-4.1.87.Final.jar:/Users/harpalsingh/.m2/repository/io/netty/netty-transport-classes-kqueue/4.1.87.Final/netty-transport-classes-kqueue-4.1.87.Final.jar:/Users/harpalsingh/.m2/repository/io/netty/netty-resolver-dns-classes-macos/4.1.87.Final/netty-resolver-dns-classes-macos-4.1.87.Final.jar:/Users/harpalsingh/.m2/repository/io/netty/netty-transport-native-epoll/4.1.87.Final/netty-transport-native-epoll-4.1.87.Final-linux-x86_64.jar:/Users/harpalsingh/.m2/repository/io/netty/netty-transport-native-epoll/4.1.87.Final/netty-transport-native-epoll-4.1.87.Final-linux-aarch_64.jar:/Users/harpalsingh/.m2/repository/io/netty/netty-transport-native-kqueue/4.1.87.Final/netty-transport-native-kqueue-4.1.87.Final-osx-x86_64.jar:/Users/harpalsingh/.m2/repository/io/netty/netty-transport-native-kqueue/4.1.87.Final/netty-transport-native-kqueue-4.1.87.Final-osx-aarch_64.jar:/Users/harpalsingh/.m2/repository/io/netty/netty-resolver-dns-native-macos/4.1.87.Final/netty-resolver-dns-native-macos-4.1.87.Final-osx-x86_64.jar:/Users/harpalsingh/.m2/repository/io/netty/netty-resolver-dns-native-macos/4.1.87.Final/netty-resolver-dns-native-macos-4.1.87.Final-osx-aarch_64.jar:/Users/harpalsingh/.m2/repository/junit/junit/4.13.1/junit-4.13.1.jar:/Users/harpalsingh/.m2/repository/org/hamcrest/hamcrest-core/1.3/hamcrest-core-1.3.jar:"/>
    <property name="sun.cpu.endian" value="little"/>
    <property name="user.home" value="/Users/harpalsingh"/>
    <property name="user.language" value="en"/>
    <property name="java.specification.vendor" value="Oracle Corporation"/>
    <property name="java.version.date" value="2024-01-16"/>
    <property name="java.home" value="/Users/harpalsingh/Library/Java/JavaVirtualMachines/openjdk-21.0.2/Contents/Home"/>
    <property name="file.separator" value="/"/>
    <property name="basedir" value="/Users/harpalsingh/Downloads/SeleniumCucumberBDD-master/UpgradeTestNG"/>
    <property name="java.vm.compressedOopsMode" value="Zero based"/>
    <property name="line.separator" value="&#10;"/>
    <property name="java.vm.specification.vendor" value="Oracle Corporation"/>
    <property name="java.specification.name" value="Java Platform API Specification"/>
    <property name="apple.awt.application.name" value="ForkedBooter"/>
    <property name="surefire.real.class.path" value="/Users/harpalsingh/Downloads/SeleniumCucumberBDD-master/UpgradeTestNG/target/surefire/surefirebooter14885110769928908945.jar"/>
    <property name="sun.management.compiler" value="HotSpot 64-Bit Tiered Compilers"/>
    <property name="ftp.nonProxyHosts" value="local|*.local|169.254/16|*.169.254/16"/>
    <property name="java.runtime.version" value="21.0.2+13-58"/>
    <property name="user.name" value="harpalsingh"/>
    <property name="stdout.encoding" value="UTF-8"/>
    <property name="path.separator" value=":"/>
    <property name="os.version" value="12.7.5"/>
    <property name="java.runtime.name" value="OpenJDK Runtime Environment"/>
    <property name="file.encoding" value="UTF-8"/>
    <property name="java.vm.name" value="OpenJDK 64-Bit Server VM"/>
    <property name="localRepository" value="/Users/harpalsingh/.m2/repository"/>
    <property name="java.vendor.url.bug" value="https://bugreport.java.com/bugreport/"/>
    <property name="java.io.tmpdir" value="/var/folders/l4/chj728qd4jj_rjyxs9jh0r640000gn/T/"/>
    <property name="idea.version" value="2023.3.6"/>
    <property name="java.version" value="21.0.2"/>
    <property name="user.dir" value="/Users/harpalsingh/Downloads/SeleniumCucumberBDD-master/UpgradeTestNG"/>
    <property name="os.arch" value="x86_64"/>
    <property name="java.vm.specification.name" value="Java Virtual Machine Specification"/>
    <property name="native.encoding" value="UTF-8"/>
    <property name="java.library.path" value="/Users/harpalsingh/Library/Java/Extensions:/Library/Java/Extensions:/Network/Library/Java/Extensions:/System/Library/Java/Extensions:/usr/lib/java:."/>
    <property name="java.vm.info" value="mixed mode, sharing"/>
    <property name="stderr.encoding" value="UTF-8"/>
    <property name="java.vendor" value="Oracle Corporation"/>
    <property name="java.vm.version" value="21.0.2+13-58"/>
    <property name="sun.io.unicode.encoding" value="UnicodeBig"/>
    <property name="socksNonProxyHosts" value="local|*.local|169.254/16|*.169.254/16"/>
    <property name="java.class.version" value="65.0"/>
  </properties>
  <testcase name="testValidBasicInformation[Harpal, Singh, 2 North Central Avenue, Arizona, Phoenix, 85004.0, 12/07/1981, TC01_ValidDOB](1)" classname="UpgradeUI.BasicInformationPageTest" time="3.021">
    <failure message="user successfully navigated to Income Information Page expected [true] but found [false]" type="java.lang.AssertionError"><![CDATA[java.lang.AssertionError: user successfully navigated to Income Information Page expected [true] but found [false]
	at UpgradeUI.BasicInformationPageTest.testValidBasicInformation(BasicInformationPageTest.java:60)
]]></failure>
    <system-out><![CDATA[Screenshot saved at: /Users/harpalsingh/Downloads/SeleniumCucumberBDD-master/UpgradeTestNG/screenshots/Test_20240702142111.png
]]></system-out>
    <system-err><![CDATA[SLF4J: Failed to load class "org.slf4j.impl.StaticLoggerBinder".
SLF4J: Defaulting to no-operation (NOP) logger implementation
SLF4J: See http://www.slf4j.org/codes.html#StaticLoggerBinder for further details.
Jul 02, 2024 2:21:04 P.M. org.openqa.selenium.devtools.CdpVersionFinder findNearestMatch
WARNING: Unable to find an exact match for CDP version 126, returning the closest version; found: 125; Please update to a Selenium version that supports CDP version 126
]]></system-err>
  </testcase>
  <testcase name="navigateToBasicInformationPage" classname="UpgradeUI.BasicInformationPageTest" time="7.376">
    <failure message="element not interactable&#10;  (Session info: chrome=126.0.6478.127)&#10;Build info: version: &apos;4.21.0&apos;, revision: &apos;79ed462ef4&apos;&#10;System info: os.name: &apos;Mac OS X&apos;, os.arch: &apos;x86_64&apos;, os.version: &apos;12.7.5&apos;, java.version: &apos;21.0.2&apos;&#10;Driver info: org.openqa.selenium.chrome.ChromeDriver&#10;Command: [8cff5ba411eb9d0d429e071560601a9b, clickElement {id=f.F9F93A3386645707BD9DF0C5D611E12F.d.AFF4AB7A05B48AB1E7754F47925B9379.e.10}]&#10;Capabilities {acceptInsecureCerts: false, browserName: chrome, browserVersion: 126.0.6478.127, chrome: {chromedriverVersion: 126.0.6478.63 (df799988fdc9..., userDataDir: /var/folders/l4/chj728qd4jj...}, fedcm:accounts: true, goog:chromeOptions: {debuggerAddress: localhost:62306}, networkConnectionEnabled: false, pageLoadStrategy: normal, platformName: mac, proxy: Proxy(), se:cdp: ws://localhost:62306/devtoo..., se:cdpVersion: 126.0.6478.127, setWindowRect: true, strictFileInteractability: false, timeouts: {implicit: 0, pageLoad: 300000, script: 30000}, unhandledPromptBehavior: dismiss and notify, webauthn:extension:credBlob: true, webauthn:extension:largeBlob: true, webauthn:extension:minPinLength: true, webauthn:extension:prf: true, webauthn:virtualAuthenticators: true}&#10;Element: [[ChromeDriver: chrome on mac (8cff5ba411eb9d0d429e071560601a9b)] -&gt; xpath: //span[text()=&apos;Debt Consolidation&apos;]]&#10;Session ID: 8cff5ba411eb9d0d429e071560601a9b" type="org.openqa.selenium.ElementNotInteractableException"><![CDATA[org.openqa.selenium.ElementNotInteractableException: 
element not interactable
  (Session info: chrome=126.0.6478.127)
Build info: version: '4.21.0', revision: '79ed462ef4'
System info: os.name: 'Mac OS X', os.arch: 'x86_64', os.version: '12.7.5', java.version: '21.0.2'
Driver info: org.openqa.selenium.chrome.ChromeDriver
Command: [8cff5ba411eb9d0d429e071560601a9b, clickElement {id=f.F9F93A3386645707BD9DF0C5D611E12F.d.AFF4AB7A05B48AB1E7754F47925B9379.e.10}]
Capabilities {acceptInsecureCerts: false, browserName: chrome, browserVersion: 126.0.6478.127, chrome: {chromedriverVersion: 126.0.6478.63 (df799988fdc9..., userDataDir: /var/folders/l4/chj728qd4jj...}, fedcm:accounts: true, goog:chromeOptions: {debuggerAddress: localhost:62306}, networkConnectionEnabled: false, pageLoadStrategy: normal, platformName: mac, proxy: Proxy(), se:cdp: ws://localhost:62306/devtoo..., se:cdpVersion: 126.0.6478.127, setWindowRect: true, strictFileInteractability: false, timeouts: {implicit: 0, pageLoad: 300000, script: 30000}, unhandledPromptBehavior: dismiss and notify, webauthn:extension:credBlob: true, webauthn:extension:largeBlob: true, webauthn:extension:minPinLength: true, webauthn:extension:prf: true, webauthn:virtualAuthenticators: true}
Element: [[ChromeDriver: chrome on mac (8cff5ba411eb9d0d429e071560601a9b)] -> xpath: //span[text()='Debt Consolidation']]
Session ID: 8cff5ba411eb9d0d429e071560601a9b
	at UpgradeUI.BasicInformationPageTest.navigateToBasicInformationPage(BasicInformationPageTest.java:43)
]]></failure>
    <system-err><![CDATA[Jul 02, 2024 2:21:15 P.M. org.openqa.selenium.devtools.CdpVersionFinder findNearestMatch
WARNING: Unable to find an exact match for CDP version 126, returning the closest version; found: 125; Please update to a Selenium version that supports CDP version 126
]]></system-err>
  </testcase>
  <testcase name="navigateToBasicInformationPage" classname="UpgradeUI.BasicInformationPageTest" time="0">
    <skipped/>
  </testcase>
  <testcase name="navigateToBasicInformationPage" classname="UpgradeUI.BasicInformationPageTest" time="0">
    <skipped/>
  </testcase>
  <testcase name="testValidBasicInformation[Harpal, Singh, 2 North Central Avenue, Arizona, Phoenix, 85004.0, 07/12/1981, TC02_ValidDOB](2)" classname="UpgradeUI.BasicInformationPageTest" time="0">
    <skipped message="element not interactable&#10;  (Session info: chrome=126.0.6478.127)&#10;Build info: version: &apos;4.21.0&apos;, revision: &apos;79ed462ef4&apos;&#10;System info: os.name: &apos;Mac OS X&apos;, os.arch: &apos;x86_64&apos;, os.version: &apos;12.7.5&apos;, java.version: &apos;21.0.2&apos;&#10;Driver info: org.openqa.selenium.chrome.ChromeDriver&#10;Command: [8cff5ba411eb9d0d429e071560601a9b, clickElement {id=f.F9F93A3386645707BD9DF0C5D611E12F.d.AFF4AB7A05B48AB1E7754F47925B9379.e.10}]&#10;Capabilities {acceptInsecureCerts: false, browserName: chrome, browserVersion: 126.0.6478.127, chrome: {chromedriverVersion: 126.0.6478.63 (df799988fdc9..., userDataDir: /var/folders/l4/chj728qd4jj...}, fedcm:accounts: true, goog:chromeOptions: {debuggerAddress: localhost:62306}, networkConnectionEnabled: false, pageLoadStrategy: normal, platformName: mac, proxy: Proxy(), se:cdp: ws://localhost:62306/devtoo..., se:cdpVersion: 126.0.6478.127, setWindowRect: true, strictFileInteractability: false, timeouts: {implicit: 0, pageLoad: 300000, script: 30000}, unhandledPromptBehavior: dismiss and notify, webauthn:extension:credBlob: true, webauthn:extension:largeBlob: true, webauthn:extension:minPinLength: true, webauthn:extension:prf: true, webauthn:virtualAuthenticators: true}&#10;Element: [[ChromeDriver: chrome on mac (8cff5ba411eb9d0d429e071560601a9b)] -&gt; xpath: //span[text()=&apos;Debt Consolidation&apos;]]&#10;Session ID: 8cff5ba411eb9d0d429e071560601a9b"/>
  </testcase>
  <testcase name="cleanUp" classname="UpgradeUI.BasicInformationPageTest" time="0">
    <skipped/>
  </testcase>
  <testcase name="cleanUp" classname="UpgradeUI.BasicInformationPageTest" time="0">
    <skipped/>
  </testcase>
  <testcase name="cleanUp" classname="UpgradeUI.BasicInformationPageTest" time="0">
    <skipped/>
  </testcase>
  <testcase name="testInValidDOB[Harpal, Singh, 2 North Central Avenue, Arizona, Phoenix, 85004.0, 12/07/198, Please enter a valid date., TC01_InValidDOB](1)" classname="UpgradeUI.BasicInformationPageTest" time="0">
    <skipped message="element not interactable&#10;  (Session info: chrome=126.0.6478.127)&#10;Build info: version: &apos;4.21.0&apos;, revision: &apos;79ed462ef4&apos;&#10;System info: os.name: &apos;Mac OS X&apos;, os.arch: &apos;x86_64&apos;, os.version: &apos;12.7.5&apos;, java.version: &apos;21.0.2&apos;&#10;Driver info: org.openqa.selenium.chrome.ChromeDriver&#10;Command: [8cff5ba411eb9d0d429e071560601a9b, clickElement {id=f.F9F93A3386645707BD9DF0C5D611E12F.d.AFF4AB7A05B48AB1E7754F47925B9379.e.10}]&#10;Capabilities {acceptInsecureCerts: false, browserName: chrome, browserVersion: 126.0.6478.127, chrome: {chromedriverVersion: 126.0.6478.63 (df799988fdc9..., userDataDir: /var/folders/l4/chj728qd4jj...}, fedcm:accounts: true, goog:chromeOptions: {debuggerAddress: localhost:62306}, networkConnectionEnabled: false, pageLoadStrategy: normal, platformName: mac, proxy: Proxy(), se:cdp: ws://localhost:62306/devtoo..., se:cdpVersion: 126.0.6478.127, setWindowRect: true, strictFileInteractability: false, timeouts: {implicit: 0, pageLoad: 300000, script: 30000}, unhandledPromptBehavior: dismiss and notify, webauthn:extension:credBlob: true, webauthn:extension:largeBlob: true, webauthn:extension:minPinLength: true, webauthn:extension:prf: true, webauthn:virtualAuthenticators: true}&#10;Element: [[ChromeDriver: chrome on mac (8cff5ba411eb9d0d429e071560601a9b)] -&gt; xpath: //span[text()=&apos;Debt Consolidation&apos;]]&#10;Session ID: 8cff5ba411eb9d0d429e071560601a9b"/>
  </testcase>
  <testcase name="testInValidDOB[Harpal, Singh, 2 North Central Avenue, Arizona, Phoenix, 85004.0, 07/12/198, Please enter a valid date., TC02_InValidDOB](2)" classname="UpgradeUI.BasicInformationPageTest" time="0">
    <skipped message="element not interactable&#10;  (Session info: chrome=126.0.6478.127)&#10;Build info: version: &apos;4.21.0&apos;, revision: &apos;79ed462ef4&apos;&#10;System info: os.name: &apos;Mac OS X&apos;, os.arch: &apos;x86_64&apos;, os.version: &apos;12.7.5&apos;, java.version: &apos;21.0.2&apos;&#10;Driver info: org.openqa.selenium.chrome.ChromeDriver&#10;Command: [8cff5ba411eb9d0d429e071560601a9b, clickElement {id=f.F9F93A3386645707BD9DF0C5D611E12F.d.AFF4AB7A05B48AB1E7754F47925B9379.e.10}]&#10;Capabilities {acceptInsecureCerts: false, browserName: chrome, browserVersion: 126.0.6478.127, chrome: {chromedriverVersion: 126.0.6478.63 (df799988fdc9..., userDataDir: /var/folders/l4/chj728qd4jj...}, fedcm:accounts: true, goog:chromeOptions: {debuggerAddress: localhost:62306}, networkConnectionEnabled: false, pageLoadStrategy: normal, platformName: mac, proxy: Proxy(), se:cdp: ws://localhost:62306/devtoo..., se:cdpVersion: 126.0.6478.127, setWindowRect: true, strictFileInteractability: false, timeouts: {implicit: 0, pageLoad: 300000, script: 30000}, unhandledPromptBehavior: dismiss and notify, webauthn:extension:credBlob: true, webauthn:extension:largeBlob: true, webauthn:extension:minPinLength: true, webauthn:extension:prf: true, webauthn:virtualAuthenticators: true}&#10;Element: [[ChromeDriver: chrome on mac (8cff5ba411eb9d0d429e071560601a9b)] -&gt; xpath: //span[text()=&apos;Debt Consolidation&apos;]]&#10;Session ID: 8cff5ba411eb9d0d429e071560601a9b"/>
  </testcase>
  <testcase name="tearDown" classname="UpgradeUI.BasicInformationPageTest" time="0">
    <skipped/>
  </testcase>
</testsuite>